{
  "uid" : "c16beefcf2550389",
  "name" : "test_api_request[params_exp11]",
  "fullName" : "testcase.test_api_demo.TestCaseExecuting#test_api_request[params_exp11]",
  "historyId" : "1e696d3df4fe4e89cce945553761fb72",
  "time" : {
    "start" : 1565254367859,
    "stop" : 1565254368047,
    "duration" : 188
  },
  "status" : "failed",
  "statusMessage" : "AssertionError: Expected <-1> to be equal to <0>, but was not.",
  "statusTrace" : "self = <test_api_demo.TestCaseExecuting object at 0x000001D732B14358>\nparams_exp = ({'aboutId': 'None', 'pageIndex': '1', 'parentId': '0', 'uid': '20165943'}, {'caseName': 'parentId不填', 'code': 0, 'http_statusCode': '400', 'subcode': 0})\n\n    @allure.step\n    @pytest.mark.parametrize('params_exp', [data for data in CaseAttrData.readWorkslData(worksheet)])\n    def test_api_request(self, params_exp):\n        # print(params)\n        paramsValue, expextValue = params_exp[0], params_exp[1]\n        #print(params, exp)\n        resp_result = Requestpy.request_exec(self, method=method, url=api_baseUrl + apipath,\n                                             params=paramsValue, headers=headers)\n        # elapsedTime = r.elapsed.total_seconds()\n        # assertEqual(r.status_code, http_statusCode)\n        print(resp_result)\n        # assert_that(resp_result['responsesBody'].get(\n        #    'status_code')).is_equal_to(expextValue.get('http_statusCode'))\n        assert_that(resp_result['responsesBody'].get(\n>           'code')).is_equal_to(expextValue.get('code'))\n        \"\"\"\n        try:\n            assert_that(resp_result['responsesBody'].get(\n                'code')).is_equal_to(0)\n        except AssertionError:\n            assert_that(resp_result['responsesBody'].get(\n                'code')).is_equal_to(-1)\nE               AssertionError: Expected <-1> to be equal to <0>, but was not.\n\ntestcase\\test_api_demo.py:64: AssertionError",
  "flaky" : false,
  "newFailed" : false,
  "beforeStages" : [ ],
  "testStage" : {
    "status" : "failed",
    "statusMessage" : "AssertionError: Expected <-1> to be equal to <0>, but was not.",
    "statusTrace" : "self = <test_api_demo.TestCaseExecuting object at 0x000001D732B14358>\nparams_exp = ({'aboutId': 'None', 'pageIndex': '1', 'parentId': '0', 'uid': '20165943'}, {'caseName': 'parentId不填', 'code': 0, 'http_statusCode': '400', 'subcode': 0})\n\n    @allure.step\n    @pytest.mark.parametrize('params_exp', [data for data in CaseAttrData.readWorkslData(worksheet)])\n    def test_api_request(self, params_exp):\n        # print(params)\n        paramsValue, expextValue = params_exp[0], params_exp[1]\n        #print(params, exp)\n        resp_result = Requestpy.request_exec(self, method=method, url=api_baseUrl + apipath,\n                                             params=paramsValue, headers=headers)\n        # elapsedTime = r.elapsed.total_seconds()\n        # assertEqual(r.status_code, http_statusCode)\n        print(resp_result)\n        # assert_that(resp_result['responsesBody'].get(\n        #    'status_code')).is_equal_to(expextValue.get('http_statusCode'))\n        assert_that(resp_result['responsesBody'].get(\n>           'code')).is_equal_to(expextValue.get('code'))\n        \"\"\"\n        try:\n            assert_that(resp_result['responsesBody'].get(\n                'code')).is_equal_to(0)\n        except AssertionError:\n            assert_that(resp_result['responsesBody'].get(\n                'code')).is_equal_to(-1)\nE               AssertionError: Expected <-1> to be equal to <0>, but was not.\n\ntestcase\\test_api_demo.py:64: AssertionError",
    "steps" : [ {
      "name" : "test_api_request",
      "time" : {
        "start" : 1565254367859,
        "stop" : 1565254368047,
        "duration" : 188
      },
      "status" : "failed",
      "statusMessage" : "AssertionError: Expected <-1> to be equal to <0>, but was not.\n",
      "statusTrace" : "  File \"D:\\Program Files\\Python3\\lib\\site-packages\\allure_commons\\_allure.py\", line 157, in impl\n    return func(*a, **kw)\n  File \"E:\\py-working\\99.coinMall-autotest-api(pytest)\\testcase\\test_api_demo.py\", line 64, in test_api_request\n    'code')).is_equal_to(expextValue.get('code'))\n  File \"E:\\py-working\\99.coinMall-autotest-api(pytest)\\common\\assertpy.py\", line 168, in is_equal_to\n    self._err('Expected <%s> to be equal to <%s>, but was not.' % (self.val, other))\n  File \"E:\\py-working\\99.coinMall-autotest-api(pytest)\\common\\assertpy.py\", line 1103, in _err\n    raise AssertionError(out)\n",
      "steps" : [ ],
      "attachments" : [ ],
      "parameters" : [ {
        "name" : "params_exp",
        "value" : "({'aboutId': 'None', 'uid': '20165943', 'parentId': '0', 'pageIndex': '1'}, {'caseName': 'parentId不填', 'http_statusCode': '400', 'code': 0, 'subcode': 0})"
      } ],
      "shouldDisplayMessage" : true,
      "attachmentsCount" : 0,
      "stepsCount" : 0,
      "hasContent" : true
    } ],
    "attachments" : [ ],
    "parameters" : [ ],
    "shouldDisplayMessage" : true,
    "attachmentsCount" : 0,
    "stepsCount" : 1,
    "hasContent" : true
  },
  "afterStages" : [ ],
  "labels" : [ {
    "name" : "parentSuite",
    "value" : "testcase"
  }, {
    "name" : "suite",
    "value" : "test_api_demo"
  }, {
    "name" : "subSuite",
    "value" : "TestCaseExecuting"
  }, {
    "name" : "host",
    "value" : "DESKTOP-7UMAVOP"
  }, {
    "name" : "thread",
    "value" : "9596-MainThread"
  }, {
    "name" : "framework",
    "value" : "pytest"
  }, {
    "name" : "language",
    "value" : "cpython3"
  }, {
    "name" : "package",
    "value" : "testcase.test_api_demo"
  }, {
    "name" : "resultFormat",
    "value" : "allure2"
  } ],
  "parameters" : [ {
    "name" : "params_exp",
    "value" : "({'aboutId': 'None', 'uid': '20165943', 'parentId': '0', 'pageIndex': '1'}, {'caseName': 'parentId不填', 'http_statusCode': '400', 'code': 0, 'subcode': 0})"
  } ],
  "links" : [ ],
  "hidden" : false,
  "retry" : false,
  "extra" : {
    "severity" : "normal",
    "retries" : [ ],
    "categories" : [ {
      "name" : "Product defects",
      "matchedStatuses" : [ ],
      "flaky" : false
    } ],
    "tags" : [ ]
  },
  "source" : "c16beefcf2550389.json",
  "parameterValues" : [ "({'aboutId': 'None', 'uid': '20165943', 'parentId': '0', 'pageIndex': '1'}, {'caseName': 'parentId不填', 'http_statusCode': '400', 'code': 0, 'subcode': 0})" ]
}